<?xml version="1.0" encoding="UTF-8"?>
<!-- Generated by org.testng.reporters.JUnitReportReporter -->
<testsuite hostname="DESKTOP-N7E075L" failures="0" tests="1" name="homePageTest.TestHomePage" time="31.428" errors="0" timestamp="2021-03-20T19:38:08 EDT" skipped="0">
  <testcase classname="homePageTest.TestHomePage" name="testSearchField" time="31.428"/>
  <system-out/>
</testsuite> <!-- homePageTest.TestHomePage -->
